<?xml version="1.0" encoding="UTF-8"?>
<!-- Generated by org.testng.reporters.JUnitReportReporter -->
<testsuite skipped="0" hostname="NF-LPT1" name="gitTest.GitTest" tests="1" failures="0" timestamp="07 Aug 2017 04:39:00 GMT" time="6.351" errors="0">
  <testcase name="logintest" time="6.351" classname="gitTest.GitTest"/>
</testsuite> <!-- gitTest.GitTest -->
