<?xml version="1.0" encoding="UTF-8"?>
<!-- Generated by org.testng.reporters.JUnitReportReporter -->
<testsuite skipped="0" hostname="NF-LPT1" name="gitTest.GitTest" tests="1" failures="0" timestamp="08 Aug 2017 03:08:53 GMT" time="15.730" errors="0">
  <testcase name="logintest" time="15.730" classname="gitTest.GitTest"/>
</testsuite> <!-- gitTest.GitTest -->
